<?xml version="1.0" encoding="UTF-8"?>
<!-- Generated by org.testng.reporters.JUnitReportReporter -->
<testsuite hostname="Z510" name="sample.RestTest" tests="1" failures="0" timestamp="11 Jun 2015 08:36:54 GMT" time="2.544" errors="0">
  <testcase name="test" time="2.544" classname="sample.RestTest"/>
</testsuite> <!-- sample.RestTest -->
