<?xml version="1.0" encoding="UTF-8"?>
<!-- Generated by org.testng.reporters.JUnitReportReporter -->
<testsuite hostname="Z510" name="mainScripts.RestTest" tests="1" failures="0" timestamp="11 Jun 2015 10:20:31 GMT" time="3.153" errors="0">
  <testcase name="test" time="3.153" classname="mainScripts.RestTest"/>
</testsuite> <!-- mainScripts.RestTest -->
